-------------------------------------------------------------------------------
Test set: com.mycompany.dencli.E2ERegisterTest
-------------------------------------------------------------------------------
Tests run: 2, Failures: 2, Errors: 0, Skipped: 0, Time elapsed: 0 sec <<< FAILURE!
com.mycompany.dencli.E2ERegisterTest.testHomepageServicesTableVisible()  Time elapsed: 0 sec  <<< FAILURE!
java.lang.NullPointerException: Cannot invoke "com.microsoft.playwright.Page.navigate(String)" because "this.page" is null
	at com.mycompany.dencli.E2ERegisterTest.testHomepageServicesTableVisible(E2ERegisterTest.java:90)

com.mycompany.dencli.E2ERegisterTest.testFullRegistrationFlow()  Time elapsed: 0 sec  <<< FAILURE!
java.lang.NullPointerException: Cannot invoke "com.microsoft.playwright.Page.navigate(String)" because "this.page" is null
	at com.mycompany.dencli.E2ERegisterTest.testFullRegistrationFlow(E2ERegisterTest.java:53)

