-------------------------------------------------------------------------------
Test set: com.mycompany.dencli.E2EBookingTest
-------------------------------------------------------------------------------
Tests run: 1, Failures: 1, Errors: 0, Skipped: 0, Time elapsed: 0.002 sec <<< FAILURE!
com.mycompany.dencli.E2EBookingTest.testHomepageRedirectToLogin()  Time elapsed: 0.002 sec  <<< FAILURE!
java.lang.NullPointerException: Cannot invoke "com.microsoft.playwright.Page.navigate(String)" because "this.page" is null
	at com.mycompany.dencli.E2EBookingTest.testHomepageRedirectToLogin(E2EBookingTest.java:52)

