<?xml version="1.0" encoding="UTF-8" ?>
<testsuite tests="2" failures="2" name="com.mycompany.dencli.E2ERegisterTest" time="0" errors="0" skipped="0">
  <properties>
[...]
</properties>
  <testcase classname="com.mycompany.dencli.E2ERegisterTest" name="com.mycompany.dencli.E2ERegisterTest.testHomepageServicesTableVisible" time="0">
    <failure message="Cannot invoke &quot;com.microsoft.playwright.Page.navigate(String)&quot; because &quot;this.page&quot; is null" type="java.lang.NullPointerException">java.lang.NullPointerException: Cannot invoke &quot;com.microsoft.playwright.Page.navigate(String)&quot; because &quot;this.page&quot; is null
	at com.mycompany.dencli.E2ERegisterTest.testHomepageServicesTableVisible(E2ERegisterTest.java:90)
</failure>
  </testcase>
  <testcase classname="com.mycompany.dencli.E2ERegisterTest" name="com.mycompany.dencli.E2ERegisterTest.testFullRegistrationFlow" time="0">
    <failure message="Cannot invoke &quot;com.microsoft.playwright.Page.navigate(String)&quot; because &quot;this.page&quot; is null" type="java.lang.NullPointerException">java.lang.NullPointerException: Cannot invoke &quot;com.microsoft.playwright.Page.navigate(String)&quot; because &quot;this.page&quot; is null
	at com.mycompany.dencli.E2ERegisterTest.testFullRegistrationFlow(E2ERegisterTest.java:53)
</failure>
  </testcase>
</testsuite>